[debug] [2023-12-22T01:06:53.057Z] ----------------------------------------------------------------------
[debug] [2023-12-22T01:06:53.061Z] Command:       C:\Program Files\nodejs\node.exe C:\Users\Coleh\AppData\Roaming\npm\node_modules\firebase-tools\lib\bin\firebase.js functions:shell
[debug] [2023-12-22T01:06:53.062Z] CLI Version:   13.0.2
[debug] [2023-12-22T01:06:53.063Z] Platform:      win32
[debug] [2023-12-22T01:06:53.063Z] Node Version:  v20.9.0
[debug] [2023-12-22T01:06:53.064Z] Time:          Thu Dec 21 2023 20:06:53 GMT-0500 (Eastern Standard Time)
[debug] [2023-12-22T01:06:53.064Z] ----------------------------------------------------------------------
[debug] 
[debug] [2023-12-22T01:06:53.171Z] > command requires scopes: ["email","openid","https://www.googleapis.com/auth/cloudplatformprojects.readonly","https://www.googleapis.com/auth/firebase","https://www.googleapis.com/auth/cloud-platform"]
[debug] [2023-12-22T01:06:53.172Z] > authorizing via signed-in user (tech-help@hpair.org)
[debug] [2023-12-22T01:06:53.172Z] [iam] checking project hpair-portal-95a4f for permissions ["firebase.projects.get"]
[debug] [2023-12-22T01:06:53.178Z] >>> [apiv2][query] POST https://cloudresourcemanager.googleapis.com/v1/projects/hpair-portal-95a4f:testIamPermissions [none]
[debug] [2023-12-22T01:06:53.179Z] >>> [apiv2][(partial)header] POST https://cloudresourcemanager.googleapis.com/v1/projects/hpair-portal-95a4f:testIamPermissions x-goog-quota-user=projects/hpair-portal-95a4f
[debug] [2023-12-22T01:06:53.180Z] >>> [apiv2][body] POST https://cloudresourcemanager.googleapis.com/v1/projects/hpair-portal-95a4f:testIamPermissions {"permissions":["firebase.projects.get"]}
[debug] [2023-12-22T01:06:53.397Z] <<< [apiv2][status] POST https://cloudresourcemanager.googleapis.com/v1/projects/hpair-portal-95a4f:testIamPermissions 200
[debug] [2023-12-22T01:06:53.398Z] <<< [apiv2][body] POST https://cloudresourcemanager.googleapis.com/v1/projects/hpair-portal-95a4f:testIamPermissions {"permissions":["firebase.projects.get"]}
[debug] [2023-12-22T01:06:53.407Z] [functions] Functions Emulator only supports listening on one address (127.0.0.1). Not listening on ::1
[debug] [2023-12-22T01:06:53.412Z] defaultcredentials: writing to file C:\Users\Coleh\AppData\Roaming\firebase\tech-help_hpair_org_application_default_credentials.json
[debug] [2023-12-22T01:06:53.417Z] DEBUG: Setting GAC to C:\Users\Coleh\AppData\Roaming\firebase\tech-help_hpair_org_application_default_credentials.json
[debug] [2023-12-22T01:06:53.419Z] >>> [apiv2][query] GET https://firebase.googleapis.com/v1beta1/projects/hpair-portal-95a4f/adminSdkConfig [none]
[debug] [2023-12-22T01:06:53.839Z] <<< [apiv2][status] GET https://firebase.googleapis.com/v1beta1/projects/hpair-portal-95a4f/adminSdkConfig 200
[debug] [2023-12-22T01:06:53.839Z] <<< [apiv2][body] GET https://firebase.googleapis.com/v1beta1/projects/hpair-portal-95a4f/adminSdkConfig {"projectId":"hpair-portal-95a4f","storageBucket":"hpair-portal-95a4f.appspot.com","locationId":"us-central"}
[debug] [2023-12-22T01:06:53.863Z] [functions] Watching "C:\Users\Coleh\hpair-portal\functions" for Cloud Functions...
[debug] [2023-12-22T01:06:53.868Z] Validating nodejs source
[debug] [2023-12-22T01:06:55.801Z] > [functions] package.json contents: {
  "name": "functions",
  "description": "Cloud Functions for Firebase",
  "scripts": {
    "serve": "firebase emulators:start --only functions",
    "shell": "firebase functions:shell",
    "start": "npm run shell",
    "deploy": "firebase deploy --only functions",
    "logs": "firebase functions:log"
  },
  "engines": {
    "node": "20"
  },
  "main": "index.js",
  "dependencies": {
    "aws-sdk": "^2.1520.0",
    "firebase-admin": "^11.8.0",
    "firebase-functions": "^4.3.1"
  },
  "devDependencies": {
    "firebase-functions-test": "^3.1.0"
  },
  "private": true
}
[debug] [2023-12-22T01:06:55.801Z] Building nodejs source
[debug] [2023-12-22T01:06:55.802Z] Failed to find version of module node: reached end of search path C:\Users\Coleh\hpair-portal\functions\node_modules
[info] +  functions: Using node@20 from host. 
[debug] [2023-12-22T01:06:55.805Z] Could not find functions.yaml. Must use http discovery
[debug] [2023-12-22T01:06:55.814Z] Found firebase-functions binary at 'C:\Users\Coleh\hpair-portal\functions\node_modules\.bin\firebase-functions'
[info] Serving at port 8727

[debug] [2023-12-22T01:06:57.174Z] Got response from /__/functions.yaml {"endpoints":{"sendEmail":{"availableMemoryMb":null,"timeoutSeconds":null,"minInstances":null,"maxInstances":null,"ingressSettings":null,"concurrency":null,"serviceAccountEmail":null,"vpc":null,"platform":"gcfv2","labels":{},"httpsTrigger":{},"entryPoint":"sendEmail"}},"specVersion":"v1alpha1","requiredAPIs":[]}
[error] (node:10068) NOTE: We are formalizing our plans to enter AWS SDK for JavaScript (v2) into maintenance mode in 2023.

Please migrate your code to use AWS SDK for JavaScript (v3).
For more information, check the migration guide at https://a.co/7PzMCcy
(Use `node --trace-warnings ...` to show where the warning was created)

[debug] [2023-12-22T01:07:02.213Z] [functions] Loaded functions definitions from source: sendEmail.
[debug] [2023-12-22T01:07:02.214Z] [functions[us-central1-sendEmail]] http function initialized (http://127.0.0.1:5000/hpair-portal-95a4f/us-central1/sendEmail).
[info] i  functions: Loaded functions: sendEmail 
[warn] !  functions: The following emulators are not running, calls to these services will affect production: firestore, database, pubsub, storage, eventarc 
[debug] [2023-12-22T01:07:56.121Z] ----------------------------------------------------------------------
[debug] [2023-12-22T01:07:56.126Z] Command:       C:\Program Files\nodejs\node.exe C:\Users\Coleh\AppData\Roaming\npm\node_modules\firebase-tools\lib\bin\firebase.js functions:shell
[debug] [2023-12-22T01:07:56.127Z] CLI Version:   13.0.2
[debug] [2023-12-22T01:07:56.127Z] Platform:      win32
[debug] [2023-12-22T01:07:56.127Z] Node Version:  v20.9.0
[debug] [2023-12-22T01:07:56.127Z] Time:          Thu Dec 21 2023 20:07:56 GMT-0500 (Eastern Standard Time)
[debug] [2023-12-22T01:07:56.128Z] ----------------------------------------------------------------------
[debug] 
[debug] [2023-12-22T01:07:56.242Z] > command requires scopes: ["email","openid","https://www.googleapis.com/auth/cloudplatformprojects.readonly","https://www.googleapis.com/auth/firebase","https://www.googleapis.com/auth/cloud-platform"]
[debug] [2023-12-22T01:07:56.243Z] > authorizing via signed-in user (tech-help@hpair.org)
[debug] [2023-12-22T01:07:56.243Z] [iam] checking project hpair-portal-95a4f for permissions ["firebase.projects.get"]
[debug] [2023-12-22T01:07:56.245Z] >>> [apiv2][query] POST https://cloudresourcemanager.googleapis.com/v1/projects/hpair-portal-95a4f:testIamPermissions [none]
[debug] [2023-12-22T01:07:56.246Z] >>> [apiv2][(partial)header] POST https://cloudresourcemanager.googleapis.com/v1/projects/hpair-portal-95a4f:testIamPermissions x-goog-quota-user=projects/hpair-portal-95a4f
[debug] [2023-12-22T01:07:56.246Z] >>> [apiv2][body] POST https://cloudresourcemanager.googleapis.com/v1/projects/hpair-portal-95a4f:testIamPermissions {"permissions":["firebase.projects.get"]}
[debug] [2023-12-22T01:07:56.495Z] <<< [apiv2][status] POST https://cloudresourcemanager.googleapis.com/v1/projects/hpair-portal-95a4f:testIamPermissions 200
[debug] [2023-12-22T01:07:56.495Z] <<< [apiv2][body] POST https://cloudresourcemanager.googleapis.com/v1/projects/hpair-portal-95a4f:testIamPermissions {"permissions":["firebase.projects.get"]}
[debug] [2023-12-22T01:07:56.501Z] [functions] Functions Emulator only supports listening on one address (127.0.0.1). Not listening on ::1
[debug] [2023-12-22T01:07:56.503Z] defaultcredentials: writing to file C:\Users\Coleh\AppData\Roaming\firebase\tech-help_hpair_org_application_default_credentials.json
[debug] [2023-12-22T01:07:56.505Z] DEBUG: Setting GAC to C:\Users\Coleh\AppData\Roaming\firebase\tech-help_hpair_org_application_default_credentials.json
[debug] [2023-12-22T01:07:56.506Z] >>> [apiv2][query] GET https://firebase.googleapis.com/v1beta1/projects/hpair-portal-95a4f/adminSdkConfig [none]
[debug] [2023-12-22T01:07:56.999Z] <<< [apiv2][status] GET https://firebase.googleapis.com/v1beta1/projects/hpair-portal-95a4f/adminSdkConfig 200
[debug] [2023-12-22T01:07:56.999Z] <<< [apiv2][body] GET https://firebase.googleapis.com/v1beta1/projects/hpair-portal-95a4f/adminSdkConfig {"projectId":"hpair-portal-95a4f","storageBucket":"hpair-portal-95a4f.appspot.com","locationId":"us-central"}
[debug] [2023-12-22T01:07:57.029Z] [functions] Watching "C:\Users\Coleh\hpair-portal\functions" for Cloud Functions...
[debug] [2023-12-22T01:07:57.038Z] Validating nodejs source
[debug] [2023-12-22T01:07:58.984Z] > [functions] package.json contents: {
  "name": "functions",
  "description": "Cloud Functions for Firebase",
  "scripts": {
    "serve": "firebase emulators:start --only functions",
    "shell": "firebase functions:shell",
    "start": "npm run shell",
    "deploy": "firebase deploy --only functions",
    "logs": "firebase functions:log"
  },
  "engines": {
    "node": "20"
  },
  "main": "index.js",
  "dependencies": {
    "aws-sdk": "^2.1520.0",
    "firebase-admin": "^11.8.0",
    "firebase-functions": "^4.3.1"
  },
  "devDependencies": {
    "firebase-functions-test": "^3.1.0"
  },
  "private": true
}
[debug] [2023-12-22T01:07:58.984Z] Building nodejs source
[debug] [2023-12-22T01:07:58.985Z] Failed to find version of module node: reached end of search path C:\Users\Coleh\hpair-portal\functions\node_modules
[info] +  functions: Using node@20 from host. 
[debug] [2023-12-22T01:07:58.988Z] Could not find functions.yaml. Must use http discovery
[debug] [2023-12-22T01:07:58.997Z] Found firebase-functions binary at 'C:\Users\Coleh\hpair-portal\functions\node_modules\.bin\firebase-functions'
[info] Serving at port 8706

[debug] [2023-12-22T01:07:59.985Z] Got response from /__/functions.yaml {"endpoints":{"sendEmail":{"availableMemoryMb":null,"timeoutSeconds":null,"minInstances":null,"maxInstances":null,"ingressSettings":null,"concurrency":null,"serviceAccountEmail":null,"vpc":null,"platform":"gcfv2","labels":{},"httpsTrigger":{},"entryPoint":"sendEmail"}},"specVersion":"v1alpha1","requiredAPIs":[]}
[error] (node:1496) NOTE: We are formalizing our plans to enter AWS SDK for JavaScript (v2) into maintenance mode in 2023.

Please migrate your code to use AWS SDK for JavaScript (v3).
For more information, check the migration guide at https://a.co/7PzMCcy
(Use `node --trace-warnings ...` to show where the warning was created)

[debug] [2023-12-22T01:08:05.022Z] [functions] Loaded functions definitions from source: sendEmail.
[debug] [2023-12-22T01:08:05.024Z] [functions[us-central1-sendEmail]] http function initialized (http://127.0.0.1:5000/hpair-portal-95a4f/us-central1/sendEmail).
[info] i  functions: Loaded functions: sendEmail 
[warn] !  functions: The following emulators are not running, calls to these services will affect production: firestore, database, pubsub, storage, eventarc 
